<?xml version="1.0" encoding="UTF-8"?>
<!-- Generated by org.testng.reporters.JUnitReportReporter -->
<testsuite hostname="DESKTOP-BQPVLVH" failures="0" tests="7" name="tests.LoginTest" time="16.496" errors="0" timestamp="2023-08-29T17:51:51 EET" skipped="0">
  <testcase classname="tests.LoginTest" name="Test_valid_login" time="1.902"/>
  <system-out/>
  <testcase classname="tests.LoginTest" name="CheckInANfCheckout" time="1.421"/>
  <system-out/>
  <testcase classname="tests.LoginTest" name="nightStays" time="0.645"/>
  <system-out/>
  <testcase classname="tests.LoginTest" name="flightsSearch" time="9.860"/>
  <system-out/>
  <testcase classname="tests.LoginTest" name="verify_Search_result" time="1.436"/>
  <system-out/>
  <testcase classname="tests.LoginTest" name="test" time="0.595"/>
  <system-out/>
  <testcase classname="tests.LoginTest" name="test2" time="0.637"/>
  <system-out/>
</testsuite> <!-- tests.LoginTest -->
