<?xml version="1.0" encoding="UTF-8"?>
<!-- Generated by org.testng.reporters.JUnitReportReporter -->
<testsuite hostname="DESKTOP-BQPVLVH" failures="0" tests="3" name="tests.BookingWorkflowTest2" time="3.921" errors="0" timestamp="2023-08-29T23:57:33 EET" skipped="0">
  <testcase classname="tests.BookingWorkflowTest2" name="flightDestination" time="3.251"/>
  <system-out/>
  <testcase classname="tests.BookingWorkflowTest2" name="Click_and_open_Date_Picker" time="0.665"/>
  <system-out/>
  <testcase classname="tests.BookingWorkflowTest2" name="nightStays" time="0.005"/>
  <system-out/>
</testsuite> <!-- tests.BookingWorkflowTest2 -->
